<?xml version="1.0" encoding="UTF-8"?>
<!-- Generated by org.testng.reporters.JUnitXMLReporter -->
<testsuite hostname="MSCTECH-665" ignored="6" tests="0" failures="0" timestamp="06 Jun 2019 11:43:07 GMT" time="0.003" errors="0">
  <testcase name="test4" time="0.0" classname="TestNGBasic.Groupex">
    <ignored/>
  </testcase> <!-- test4 -->
  <testcase name="test3" time="0.0" classname="TestNGBasic.Groupex">
    <ignored/>
  </testcase> <!-- test3 -->
  <testcase name="test6" time="0.0" classname="TestNGBasic.Groupex">
    <ignored/>
  </testcase> <!-- test6 -->
  <testcase name="test5" time="0.0" classname="TestNGBasic.Groupex">
    <ignored/>
  </testcase> <!-- test5 -->
  <testcase name="test2" time="0.0" classname="TestNGBasic.Groupex">
    <ignored/>
  </testcase> <!-- test2 -->
  <testcase name="test1" time="0.0" classname="TestNGBasic.Groupex">
    <ignored/>
  </testcase> <!-- test1 -->
</testsuite>
